# JRE version: OpenJDK Runtime Environment (8.0_242-b01) (build 1.8.0_242-release-1644-b01)
# Java VM: OpenJDK 64-Bit Server VM (25.242-b01 mixed mode windows-amd64 compressed oops)
Heap:
 PSYoungGen      total 146944K, used 93866K [0x00000000d5f80000, 0x00000000e0400000, 0x0000000100000000)
  eden space 125440K, 57% used [0x00000000d5f80000,0x00000000da62f330,0x00000000dda00000)
  from space 21504K, 99% used [0x00000000def00000,0x00000000e03fb6a0,0x00000000e0400000)
  to   space 5120K, 0% used [0x00000000de180000,0x00000000de180000,0x00000000de680000)
 ParOldGen       total 93696K, used 37910K [0x0000000081e00000, 0x0000000087980000, 0x00000000d5f80000)
  object space 93696K, 40% used [0x0000000081e00000,0x0000000084305b18,0x0000000087980000)
 Metaspace       used 53234K, capacity 54342K, committed 54656K, reserved 1097728K
  class space    used 6470K, capacity 6773K, committed 6784K, reserved 1048576K
GC Heap History (10 events):
Event: 1.470 GC heap before
{Heap before GC invocations=4 (full 1):
 PSYoungGen      total 71680K, used 5088K [0x00000000d5f80000, 0x00000000deb80000, 0x0000000100000000)
  eden space 66560K, 0% used [0x00000000d5f80000,0x00000000d5f80000,0x00000000da080000)
  from space 5120K, 99% used [0x00000000da080000,0x00000000da5783c8,0x00000000da580000)
  to   space 5120K, 0% used [0x00000000de680000,0x00000000de680000,0x00000000deb80000)
 ParOldGen       total 87552K, used 24855K [0x0000000081e00000, 0x0000000087380000, 0x00000000d5f80000)
  object space 87552K, 28% used [0x0000000081e00000,0x0000000083645c70,0x0000000087380000)
 Metaspace       used 20744K, capacity 21182K, committed 21248K, reserved 1069056K
  class space    used 2369K, capacity 2527K, committed 2560K, reserved 1048576K
Event: 1.533 GC heap after
Heap after GC invocations=4 (full 1):
 PSYoungGen      total 71680K, used 0K [0x00000000d5f80000, 0x00000000deb80000, 0x0000000100000000)
  eden space 66560K, 0% used [0x00000000d5f80000,0x00000000d5f80000,0x00000000da080000)
  from space 5120K, 0% used [0x00000000da080000,0x00000000da080000,0x00000000da580000)
  to   space 5120K, 0% used [0x00000000de680000,0x00000000de680000,0x00000000deb80000)
 ParOldGen       total 93696K, used 22008K [0x0000000081e00000, 0x0000000087980000, 0x00000000d5f80000)
  object space 93696K, 23% used [0x0000000081e00000,0x000000008337e308,0x0000000087980000)
 Metaspace       used 20744K, capacity 21182K, committed 21248K, reserved 1069056K
  class space    used 2369K, capacity 2527K, committed 2560K, reserved 1048576K
}
Event: 2.507 GC heap before
{Heap before GC invocations=5 (full 1):
 PSYoungGen      total 71680K, used 66560K [0x00000000d5f80000, 0x00000000deb80000, 0x0000000100000000)
  eden space 66560K, 100% used [0x00000000d5f80000,0x00000000da080000,0x00000000da080000)
  from space 5120K, 0% used [0x00000000da080000,0x00000000da080000,0x00000000da580000)
  to   space 5120K, 0% used [0x00000000de680000,0x00000000de680000,0x00000000deb80000)
 ParOldGen       total 93696K, used 22008K [0x0000000081e00000, 0x0000000087980000, 0x00000000d5f80000)
  object space 93696K, 23% used [0x0000000081e00000,0x000000008337e308,0x0000000087980000)
 Metaspace       used 29969K, capacity 30536K, committed 30848K, reserved 1077248K
  class space    used 3758K, capacity 3928K, committed 3968K, reserved 1048576K
Event: 2.519 GC heap after
Heap after GC invocations=5 (full 1):
 PSYoungGen      total 96256K, used 5091K [0x00000000d5f80000, 0x00000000deb80000, 0x0000000100000000)
  eden space 91136K, 0% used [0x00000000d5f80000,0x00000000d5f80000,0x00000000db880000)
  from space 5120K, 99% used [0x00000000de680000,0x00000000deb78c80,0x00000000deb80000)
  to   space 5120K, 0% used [0x00000000de180000,0x00000000de180000,0x00000000de680000)
 ParOldGen       total 93696K, used 32364K [0x0000000081e00000, 0x0000000087980000, 0x00000000d5f80000)
  object space 93696K, 34% used [0x0000000081e00000,0x0000000083d9b170,0x0000000087980000)
 Metaspace       used 29969K, capacity 30536K, committed 30848K, reserved 1077248K
  class space    used 3758K, capacity 3928K, committed 3968K, reserved 1048576K
}
Event: 2.924 GC heap before
{Heap before GC invocations=6 (full 1):
 PSYoungGen      total 96256K, used 34345K [0x00000000d5f80000, 0x00000000deb80000, 0x0000000100000000)
  eden space 91136K, 32% used [0x00000000d5f80000,0x00000000d7c118e8,0x00000000db880000)
  from space 5120K, 99% used [0x00000000de680000,0x00000000deb78c80,0x00000000deb80000)
  to   space 5120K, 0% used [0x00000000de180000,0x00000000de180000,0x00000000de680000)
 ParOldGen       total 93696K, used 32364K [0x0000000081e00000, 0x0000000087980000, 0x00000000d5f80000)
  object space 93696K, 34% used [0x0000000081e00000,0x0000000083d9b170,0x0000000087980000)
 Metaspace       used 34666K, capacity 35200K, committed 35416K, reserved 1081344K
  class space    used 4341K, capacity 4540K, committed 4608K, reserved 1048576K
Event: 2.934 GC heap after
Heap after GC invocations=6 (full 1):
 PSYoungGen      total 130560K, used 5091K [0x00000000d5f80000, 0x00000000e0400000, 0x0000000100000000)
  eden space 125440K, 0% used [0x00000000d5f80000,0x00000000d5f80000,0x00000000dda00000)
  from space 5120K, 99% used [0x00000000de180000,0x00000000de678c60,0x00000000de680000)
  to   space 21504K, 0% used [0x00000000def00000,0x00000000def00000,0x00000000e0400000)
 ParOldGen       total 93696K, used 39882K [0x0000000081e00000, 0x0000000087980000, 0x00000000d5f80000)
  object space 93696K, 42% used [0x0000000081e00000,0x00000000844f2940,0x0000000087980000)
 Metaspace       used 34666K, capacity 35200K, committed 35416K, reserved 1081344K
  class space    used 4341K, capacity 4540K, committed 4608K, reserved 1048576K
}
Event: 2.934 GC heap before
{Heap before GC invocations=7 (full 2):
 PSYoungGen      total 130560K, used 5091K [0x00000000d5f80000, 0x00000000e0400000, 0x0000000100000000)
  eden space 125440K, 0% used [0x00000000d5f80000,0x00000000d5f80000,0x00000000dda00000)
  from space 5120K, 99% used [0x00000000de180000,0x00000000de678c60,0x00000000de680000)
  to   space 21504K, 0% used [0x00000000def00000,0x00000000def00000,0x00000000e0400000)
 ParOldGen       total 93696K, used 39882K [0x0000000081e00000, 0x0000000087980000, 0x00000000d5f80000)
  object space 93696K, 42% used [0x0000000081e00000,0x00000000844f2940,0x0000000087980000)
 Metaspace       used 34666K, capacity 35200K, committed 35416K, reserved 1081344K
  class space    used 4341K, capacity 4540K, committed 4608K, reserved 1048576K
Event: 3.008 GC heap after
Heap after GC invocations=7 (full 2):
 PSYoungGen      total 130560K, used 0K [0x00000000d5f80000, 0x00000000e0400000, 0x0000000100000000)
  eden space 125440K, 0% used [0x00000000d5f80000,0x00000000d5f80000,0x00000000dda00000)
  from space 5120K, 0% used [0x00000000de180000,0x00000000de180000,0x00000000de680000)
  to   space 21504K, 0% used [0x00000000def00000,0x00000000def00000,0x00000000e0400000)
 ParOldGen       total 93696K, used 33655K [0x0000000081e00000, 0x0000000087980000, 0x00000000d5f80000)
  object space 93696K, 35% used [0x0000000081e00000,0x0000000083eddf80,0x0000000087980000)
 Metaspace       used 34666K, capacity 35200K, committed 35416K, reserved 1081344K
  class space    used 4341K, capacity 4540K, committed 4608K, reserved 1048576K
}
Event: 4.629 GC heap before
{Heap before GC invocations=8 (full 2):
 PSYoungGen      total 130560K, used 125440K [0x00000000d5f80000, 0x00000000e0400000, 0x0000000100000000)
  eden space 125440K, 100% used [0x00000000d5f80000,0x00000000dda00000,0x00000000dda00000)
  from space 5120K, 0% used [0x00000000de180000,0x00000000de180000,0x00000000de680000)
  to   space 21504K, 0% used [0x00000000def00000,0x00000000def00000,0x00000000e0400000)
 ParOldGen       total 93696K, used 33655K [0x0000000081e00000, 0x0000000087980000, 0x00000000d5f80000)
  object space 93696K, 35% used [0x0000000081e00000,0x0000000083eddf80,0x0000000087980000)
 Metaspace       used 48360K, capacity 49296K, committed 49664K, reserved 1093632K
  class space    used 6008K, capacity 6278K, committed 6400K, reserved 1048576K
Event: 4.653 GC heap after
Heap after GC invocations=8 (full 2):
 PSYoungGen      total 146944K, used 21485K [0x00000000d5f80000, 0x00000000e0400000, 0x0000000100000000)
  eden space 125440K, 0% used [0x00000000d5f80000,0x00000000d5f80000,0x00000000dda00000)
  from space 21504K, 99% used [0x00000000def00000,0x00000000e03fb6a0,0x00000000e0400000)
  to   space 5120K, 0% used [0x00000000de180000,0x00000000de180000,0x00000000de680000)
 ParOldGen       total 93696K, used 37910K [0x0000000081e00000, 0x0000000087980000, 0x00000000d5f80000)
  object space 93696K, 40% used [0x0000000081e00000,0x0000000084305b18,0x0000000087980000)
 Metaspace       used 48360K, capacity 49296K, committed 49664K, reserved 1093632K
  class space    used 6008K, capacity 6278K, committed 6400K, reserved 1048576K
}

